Using pre-set license
Built from '2020.2/staging' branch; Version is '2020.2.3f1 (8ff31bc5bf5b) revision 9433883'; Using compiler version '192528614'; Build Type 'Release'
OS: 'Windows 10 Pro; OS build 18363.1316; Version 1909; 64bit' Language: 'en' Physical Memory: 12199 MB
BatchMode: 1, IsHumanControllingUs: 0, StartBugReporterOnCrash: 0, Is64bit: 1, IsPro: 0

 COMMAND LINE ARGUMENTS:
C:\Program Files\Unity\Hub\Editor\2020.2.3f1\Editor\Unity.exe
-adb2
-batchMode
-noUpm
-name
AssetImportWorker0
-projectPath
H:/พี่บอล/MD613603-6130702340/basic coding 613070234-0
-logFile
Logs/AssetImportWorker0.log
-srvPort
51252
Successfully changed project path to: H:/พี่บอล/MD613603-6130702340/basic coding 613070234-0
H:/พี่บอล/MD613603-6130702340/basic coding 613070234-0
Using Asset Import Pipeline V2.
Refreshing native plugins compatible for Editor in 49.30 ms, found 0 plugins.
Preloading 0 native plugins for Editor in 0.00 ms.
Initialize engine version: 2020.2.3f1 (8ff31bc5bf5b)
[Subsystems] Discovering subsystems at path C:/Program Files/Unity/Hub/Editor/2020.2.3f1/Editor/Data/Resources/UnitySubsystems
[Subsystems] Discovering subsystems at path H:/พี่บอล/MD613603-6130702340/basic coding 613070234-0/Assets
GfxDevice: creating device client; threaded=0
Direct3D:
    Version:  Direct3D 11.0 [level 10.1]
    Renderer: Intel(R) HD Graphics 3000 (ID=0x116)
    Vendor:   
    VRAM:     1040 MB
    Driver:   9.17.10.4459
Initialize mono
Mono path[0] = 'C:/Program Files/Unity/Hub/Editor/2020.2.3f1/Editor/Data/Managed'
Mono path[1] = 'C:/Program Files/Unity/Hub/Editor/2020.2.3f1/Editor/Data/MonoBleedingEdge/lib/mono/unityjit'
Mono config path = 'C:/Program Files/Unity/Hub/Editor/2020.2.3f1/Editor/Data/MonoBleedingEdge/etc'
Using monoOptions --debugger-agent=transport=dt_socket,embedding=1,server=y,suspend=n,address=127.0.0.1:56024
Begin MonoManager ReloadAssembly
Registering precompiled unity dll's ...
Register platform support module: C:/Program Files/Unity/Hub/Editor/2020.2.3f1/Editor/Data/PlaybackEngines/WebGLSupport/UnityEditor.WebGL.Extensions.dll
Register platform support module: C:/Program Files/Unity/Hub/Editor/2020.2.3f1/Editor/Data/PlaybackEngines/WindowsStandaloneSupport/UnityEditor.WindowsStandalone.Extensions.dll
Registered in 0.005276 seconds.
Native extension for WindowsStandalone target not found
Native extension for WebGL target not found
Refreshing native plugins compatible for Editor in 41.00 ms, found 0 plugins.
Preloading 0 native plugins for Editor in 0.00 ms.
Invoked RoslynAnalysisRunner static constructor.
RoslynAnalysisRunner will not be running.
RoslynAnalysisRunner has terminated.
Mono: successfully reloaded assembly
- Completed reload, in  3.644 seconds
Platform modules already initialized, skipping
Registering precompiled user dll's ...
Registered in 0.001146 seconds.
Begin MonoManager ReloadAssembly
Native extension for WindowsStandalone target not found
Native extension for WebGL target not found
Refreshing native plugins compatible for Editor in 0.34 ms, found 0 plugins.
Preloading 0 native plugins for Editor in 0.00 ms.
Invoked RoslynAnalysisRunner static constructor.
RoslynAnalysisRunner will not be running.
RoslynAnalysisRunner has terminated.
Mono: successfully reloaded assembly
- Completed reload, in  1.431 seconds
Platform modules already initialized, skipping
========================================================================
Worker process is ready to serve import requests
Launched and connected shader compiler UnityShaderCompiler.exe after 0.07 seconds
Refreshing native plugins compatible for Editor in 0.30 ms, found 0 plugins.
Preloading 0 native plugins for Editor in 0.00 ms.
Unloading 1103 Unused Serialized files (Serialized files now loaded: 0)
System memory in use before: 56.8 MB.
System memory in use after: 56.8 MB.

Unloading 10 unused Assets to reduce memory usage. Loaded Objects now: 1545.
Total: 2.531500 ms (FindLiveObjects: 0.149200 ms CreateObjectMapping: 0.073100 ms MarkObjects: 2.180600 ms  DeleteObjects: 0.126500 ms)

========================================================================
Received Import Request.
  path: Assets/script/BMI.cs
  artifactKey: Guid(7ab2593bf0a9e0145967acf91297ccd7) Importer(815301076,1909f56bfc062723c751e8b465ee728b)
Start importing Assets/script/BMI.cs using Guid(7ab2593bf0a9e0145967acf91297ccd7) Importer(815301076,1909f56bfc062723c751e8b465ee728b)  -> (artifact id: 'f75eb387ca03cfb999929b3472283abe') in 0.056994 seconds
  Import took 0.059684 seconds .

========================================================================
Received Prepare
Registering precompiled user dll's ...
Registered in 0.001118 seconds.
Begin MonoManager ReloadAssembly
Native extension for WindowsStandalone target not found
Native extension for WebGL target not found
Refreshing native plugins compatible for Editor in 0.32 ms, found 0 plugins.
Preloading 0 native plugins for Editor in 0.00 ms.
Invoked RoslynAnalysisRunner static constructor.
RoslynAnalysisRunner will not be running.
RoslynAnalysisRunner has terminated.
Mono: successfully reloaded assembly
- Completed reload, in  1.464 seconds
Platform modules already initialized, skipping
Refreshing native plugins compatible for Editor in 0.31 ms, found 0 plugins.
Preloading 0 native plugins for Editor in 0.00 ms.
Unloading 1098 Unused Serialized files (Serialized files now loaded: 0)
System memory in use before: 56.7 MB.
System memory in use after: 56.8 MB.

Unloading 5 unused Assets to reduce memory usage. Loaded Objects now: 1547.
Total: 2.349900 ms (FindLiveObjects: 0.177200 ms CreateObjectMapping: 0.065400 ms MarkObjects: 2.004700 ms  DeleteObjects: 0.100500 ms)

========================================================================
Received Prepare
Registering precompiled user dll's ...
Registered in 0.003863 seconds.
Begin MonoManager ReloadAssembly
Native extension for WindowsStandalone target not found
Native extension for WebGL target not found
Refreshing native plugins compatible for Editor in 0.89 ms, found 0 plugins.
Preloading 0 native plugins for Editor in 0.00 ms.
Invoked RoslynAnalysisRunner static constructor.
RoslynAnalysisRunner will not be running.
RoslynAnalysisRunner has terminated.
Mono: successfully reloaded assembly
- Completed reload, in  1.767 seconds
Platform modules already initialized, skipping
Refreshing native plugins compatible for Editor in 0.31 ms, found 0 plugins.
Preloading 0 native plugins for Editor in 0.00 ms.
Unloading 1098 Unused Serialized files (Serialized files now loaded: 0)
System memory in use before: 56.7 MB.
System memory in use after: 56.8 MB.

Unloading 5 unused Assets to reduce memory usage. Loaded Objects now: 1549.
Total: 2.298100 ms (FindLiveObjects: 0.242000 ms CreateObjectMapping: 0.059900 ms MarkObjects: 1.904400 ms  DeleteObjects: 0.089100 ms)

========================================================================
Received Import Request.
  Time since last request: 558.297373 seconds.
  path: Assets/script/Holo.cs
  artifactKey: Guid(8b135e94566bc614c9c706173ac79dd2) Importer(815301076,1909f56bfc062723c751e8b465ee728b)
Start importing Assets/script/Holo.cs using Guid(8b135e94566bc614c9c706173ac79dd2) Importer(815301076,1909f56bfc062723c751e8b465ee728b)  -> (artifact id: '87978789f9148bbc919ab9df3510ed9f') in 0.022953 seconds
  Import took 0.027139 seconds .

========================================================================
Received Import Request.
  Time since last request: 0.039483 seconds.
  path: Assets/script/Holo.cs
  artifactKey: Guid(8b135e94566bc614c9c706173ac79dd2) Importer(815301076,1909f56bfc062723c751e8b465ee728b)
Start importing Assets/script/Holo.cs using Guid(8b135e94566bc614c9c706173ac79dd2) Importer(815301076,1909f56bfc062723c751e8b465ee728b)  -> (artifact id: '87978789f9148bbc919ab9df3510ed9f') in 0.010764 seconds
  Import took 0.015324 seconds .

========================================================================
Received Import Request.
  Time since last request: 13.992556 seconds.
  path: Assets/Scenes/Holo.unity
  artifactKey: Guid(25e0dc2bcf8839245ae9d90b9dfbe8a1) Importer(815301076,1909f56bfc062723c751e8b465ee728b)
Start importing Assets/Scenes/Holo.unity using Guid(25e0dc2bcf8839245ae9d90b9dfbe8a1) Importer(815301076,1909f56bfc062723c751e8b465ee728b)  -> (artifact id: '11144f1665ee706ee4bd1d2902ca8a69') in 0.080260 seconds
  Import took 0.083696 seconds .

========================================================================
Received Prepare
Registering precompiled user dll's ...
Registered in 0.003779 seconds.
Begin MonoManager ReloadAssembly
Native extension for WindowsStandalone target not found
Native extension for WebGL target not found
Refreshing native plugins compatible for Editor in 0.59 ms, found 0 plugins.
Preloading 0 native plugins for Editor in 0.00 ms.
Invoked RoslynAnalysisRunner static constructor.
RoslynAnalysisRunner will not be running.
RoslynAnalysisRunner has terminated.
Mono: successfully reloaded assembly
- Completed reload, in  3.344 seconds
Platform modules already initialized, skipping
Refreshing native plugins compatible for Editor in 0.44 ms, found 0 plugins.
Preloading 0 native plugins for Editor in 0.00 ms.
Unloading 1098 Unused Serialized files (Serialized files now loaded: 0)
System memory in use before: 56.8 MB.
System memory in use after: 56.8 MB.

Unloading 5 unused Assets to reduce memory usage. Loaded Objects now: 1551.
Total: 3.036100 ms (FindLiveObjects: 0.162700 ms CreateObjectMapping: 0.057600 ms MarkObjects: 2.711600 ms  DeleteObjects: 0.101700 ms)

========================================================================
Received Import Request.
  Time since last request: 184.702471 seconds.
  path: Assets/Scenes/BMI.unity
  artifactKey: Guid(6333fb71a069dbb44b36559ad8f9e01a) Importer(815301076,1909f56bfc062723c751e8b465ee728b)
Start importing Assets/Scenes/BMI.unity using Guid(6333fb71a069dbb44b36559ad8f9e01a) Importer(815301076,1909f56bfc062723c751e8b465ee728b)  -> (artifact id: 'f5cbfa6c9b5be1663d8dec7fc2771adf') in 0.063355 seconds
  Import took 0.067482 seconds .

========================================================================
Received Prepare
Registering precompiled user dll's ...
Registered in 0.002436 seconds.
Begin MonoManager ReloadAssembly
Native extension for WindowsStandalone target not found
Native extension for WebGL target not found
Refreshing native plugins compatible for Editor in 1.98 ms, found 0 plugins.
Preloading 0 native plugins for Editor in 0.00 ms.
Invoked RoslynAnalysisRunner static constructor.
RoslynAnalysisRunner will not be running.
RoslynAnalysisRunner has terminated.
Mono: successfully reloaded assembly
- Completed reload, in  5.553 seconds
Platform modules already initialized, skipping
Refreshing native plugins compatible for Editor in 0.55 ms, found 0 plugins.
Preloading 0 native plugins for Editor in 0.00 ms.
Unloading 1098 Unused Serialized files (Serialized files now loaded: 0)
System memory in use before: 56.8 MB.
System memory in use after: 56.9 MB.

Unloading 5 unused Assets to reduce memory usage. Loaded Objects now: 1553.
Total: 12.047300 ms (FindLiveObjects: 0.604400 ms CreateObjectMapping: 0.688500 ms MarkObjects: 10.643000 ms  DeleteObjects: 0.105400 ms)

========================================================================
Received Prepare
Registering precompiled user dll's ...
Registered in 0.007006 seconds.
Begin MonoManager ReloadAssembly
Native extension for WindowsStandalone target not found
Native extension for WebGL target not found
Refreshing native plugins compatible for Editor in 2.68 ms, found 0 plugins.
Preloading 0 native plugins for Editor in 0.00 ms.
Invoked RoslynAnalysisRunner static constructor.
RoslynAnalysisRunner will not be running.
RoslynAnalysisRunner has terminated.
Mono: successfully reloaded assembly
- Completed reload, in  8.295 seconds
Platform modules already initialized, skipping
Refreshing native plugins compatible for Editor in 0.35 ms, found 0 plugins.
Preloading 0 native plugins for Editor in 0.00 ms.
Unloading 1098 Unused Serialized files (Serialized files now loaded: 0)
System memory in use before: 56.8 MB.
System memory in use after: 56.9 MB.

Unloading 5 unused Assets to reduce memory usage. Loaded Objects now: 1555.
Total: 8.551100 ms (FindLiveObjects: 1.091600 ms CreateObjectMapping: 0.252100 ms MarkObjects: 7.097500 ms  DeleteObjects: 0.105600 ms)

AssetImportWorkerClient::OnTransportError - code=2 error=End of file
