Using pre-set license
Built from '2020.2/staging' branch; Version is '2020.2.3f1 (8ff31bc5bf5b) revision 9433883'; Using compiler version '192528614'; Build Type 'Release'
OS: 'Windows 10 Pro; OS build 19042.804; Version 2009; 64bit' Language: 'en' Physical Memory: 12199 MB
BatchMode: 1, IsHumanControllingUs: 0, StartBugReporterOnCrash: 0, Is64bit: 1, IsPro: 0

 COMMAND LINE ARGUMENTS:
C:\Program Files\Unity\Hub\Editor\2020.2.3f1\Editor\Unity.exe
-adb2
-batchMode
-noUpm
-name
AssetImportWorker0
-projectPath
H:/PBALL/MD613603-6130702340/New folder (2)/AREdu6130702340
-logFile
Logs/AssetImportWorker0.log
-srvPort
54038
Successfully changed project path to: H:/PBALL/MD613603-6130702340/New folder (2)/AREdu6130702340
H:/PBALL/MD613603-6130702340/New folder (2)/AREdu6130702340
Using Asset Import Pipeline V2.
Refreshing native plugins compatible for Editor in 90.26 ms, found 0 plugins.
Preloading 0 native plugins for Editor in 0.00 ms.
Initialize engine version: 2020.2.3f1 (8ff31bc5bf5b)
[Subsystems] Discovering subsystems at path C:/Program Files/Unity/Hub/Editor/2020.2.3f1/Editor/Data/Resources/UnitySubsystems
[Subsystems] Discovering subsystems at path H:/PBALL/MD613603-6130702340/New folder (2)/AREdu6130702340/Assets
GfxDevice: creating device client; threaded=0
Direct3D:
    Version:  Direct3D 11.0 [level 10.1]
    Renderer: Intel(R) HD Graphics 3000 (ID=0x116)
    Vendor:   
    VRAM:     1040 MB
    Driver:   9.17.10.4459
Initialize mono
Mono path[0] = 'C:/Program Files/Unity/Hub/Editor/2020.2.3f1/Editor/Data/Managed'
Mono path[1] = 'C:/Program Files/Unity/Hub/Editor/2020.2.3f1/Editor/Data/MonoBleedingEdge/lib/mono/unityjit'
Mono config path = 'C:/Program Files/Unity/Hub/Editor/2020.2.3f1/Editor/Data/MonoBleedingEdge/etc'
Using monoOptions --debugger-agent=transport=dt_socket,embedding=1,server=y,suspend=n,address=127.0.0.1:56120
Begin MonoManager ReloadAssembly
Registering precompiled unity dll's ...
Register platform support module: C:/Program Files/Unity/Hub/Editor/2020.2.3f1/Editor/Data/PlaybackEngines/WebGLSupport/UnityEditor.WebGL.Extensions.dll
Register platform support module: C:/Program Files/Unity/Hub/Editor/2020.2.3f1/Editor/Data/PlaybackEngines/WindowsStandaloneSupport/UnityEditor.WindowsStandalone.Extensions.dll
Registered in 0.006030 seconds.
Native extension for WindowsStandalone target not found
Native extension for WebGL target not found
Refreshing native plugins compatible for Editor in 51.56 ms, found 0 plugins.
Preloading 0 native plugins for Editor in 0.00 ms.
Invoked RoslynAnalysisRunner static constructor.
RoslynAnalysisRunner will not be running.
RoslynAnalysisRunner has terminated.
Mono: successfully reloaded assembly
- Completed reload, in  5.248 seconds
Platform modules already initialized, skipping
Registering precompiled user dll's ...
Registered in 0.002829 seconds.
Begin MonoManager ReloadAssembly
Native extension for WindowsStandalone target not found
Native extension for WebGL target not found
Refreshing native plugins compatible for Editor in 52.22 ms, found 0 plugins.
Preloading 0 native plugins for Editor in 0.00 ms.
Invoked RoslynAnalysisRunner static constructor.
RoslynAnalysisRunner will not be running.
RoslynAnalysisRunner has terminated.
Mono: successfully reloaded assembly
- Completed reload, in  1.608 seconds
Platform modules already initialized, skipping
========================================================================
Worker process is ready to serve import requests
Switching build target platform(13) subTarget(537395200) extendedPlatform(0) -> platform(13) subTarget(524288) extendedPlatform(0)
Launched and connected shader compiler UnityShaderCompiler.exe after 0.07 seconds
Refreshing native plugins compatible for Editor in 0.59 ms, found 0 plugins.
Preloading 0 native plugins for Editor in 0.00 ms.
Unloading 1549 Unused Serialized files (Serialized files now loaded: 0)
System memory in use before: 70.2 MB.
System memory in use after: 70.2 MB.

Unloading 18 unused Assets to reduce memory usage. Loaded Objects now: 1986.
Total: 2.678000 ms (FindLiveObjects: 0.231200 ms CreateObjectMapping: 0.075100 ms MarkObjects: 2.208800 ms  DeleteObjects: 0.161000 ms)

AssetImportParameters requested are different than current active one (requested -> active):
  buildTarget: platform 13, subtarget 524288, extendedPlatform 0 -> platform 13, subtarget 537395200, extendedPlatform 0
  graphicsApiMask: 2048 -> 2099200
========================================================================
Received Import Request.
  path: Assets/Marker/tiger.jpg
  artifactKey: Guid(2ea124c9742be4f34a85e4c47d9fe561) Importer(815301076,1909f56bfc062723c751e8b465ee728b)
Start importing Assets/Marker/tiger.jpg using Guid(2ea124c9742be4f34a85e4c47d9fe561) Importer(815301076,1909f56bfc062723c751e8b465ee728b)  -> (artifact id: 'd9b5fff533fac0f03be784fde969490c') in 0.142744 seconds
  Import took 0.146780 seconds .

========================================================================
Received Import Request.
  Time since last request: 0.000444 seconds.
  path: Assets/Marker/sheep.jpg
  artifactKey: Guid(fdc0165658008482a8794383e8e65d9d) Importer(815301076,1909f56bfc062723c751e8b465ee728b)
Start importing Assets/Marker/sheep.jpg using Guid(fdc0165658008482a8794383e8e65d9d) Importer(815301076,1909f56bfc062723c751e8b465ee728b)  -> (artifact id: '961db23bcc0fd0f0d676226e9564167a') in 0.072533 seconds
  Import took 0.077044 seconds .

========================================================================
Received Import Request.
  Time since last request: 0.000335 seconds.
  path: Assets/Marker/turtle.jpg
  artifactKey: Guid(f3b0ef8e2c46742078dcf36f59f7f100) Importer(815301076,1909f56bfc062723c751e8b465ee728b)
Start importing Assets/Marker/turtle.jpg using Guid(f3b0ef8e2c46742078dcf36f59f7f100) Importer(815301076,1909f56bfc062723c751e8b465ee728b)  -> (artifact id: '564731111075f2e2cb1b19a7b5d3beb5') in 0.053316 seconds
  Import took 0.059034 seconds .

========================================================================
Received Import Request.
  Time since last request: 0.000553 seconds.
  path: Assets/Marker/wolf.jpg
  artifactKey: Guid(61219c0e7912e45089af4e3ed4cd6d81) Importer(815301076,1909f56bfc062723c751e8b465ee728b)
Start importing Assets/Marker/wolf.jpg using Guid(61219c0e7912e45089af4e3ed4cd6d81) Importer(815301076,1909f56bfc062723c751e8b465ee728b)  -> (artifact id: '07cbfc30f23253c38c65b649a87dd69f') in 0.062773 seconds
  Import took 0.067332 seconds .

========================================================================
Received Import Request.
  Time since last request: 0.000309 seconds.
  path: Assets/Marker/lion.jpg
  artifactKey: Guid(49d736261920d462eaea475d05ad600e) Importer(815301076,1909f56bfc062723c751e8b465ee728b)
Start importing Assets/Marker/lion.jpg using Guid(49d736261920d462eaea475d05ad600e) Importer(815301076,1909f56bfc062723c751e8b465ee728b)  -> (artifact id: '05f9e9b9a49182dc4476156256c17900') in 0.079770 seconds
  Import took 0.084783 seconds .

========================================================================
Received Import Request.
  Time since last request: 0.000440 seconds.
  path: Assets/Marker/kong.jpg
  artifactKey: Guid(abc7917fa691142d99b33d69fc59d45f) Importer(815301076,1909f56bfc062723c751e8b465ee728b)
Start importing Assets/Marker/kong.jpg using Guid(abc7917fa691142d99b33d69fc59d45f) Importer(815301076,1909f56bfc062723c751e8b465ee728b)  -> (artifact id: '5bcfedcc6de92e390bb1a5d93efe71de') in 0.069098 seconds
  Import took 0.075071 seconds .

========================================================================
Received Import Request.
  Time since last request: 0.000318 seconds.
  path: Assets/Marker/lizard.jpg
  artifactKey: Guid(13ae8f74fa2cb43beae4409d82632d6c) Importer(815301076,1909f56bfc062723c751e8b465ee728b)
Start importing Assets/Marker/lizard.jpg using Guid(13ae8f74fa2cb43beae4409d82632d6c) Importer(815301076,1909f56bfc062723c751e8b465ee728b)  -> (artifact id: '4697166ab5f90c0a7cc0b37ea878b7c4') in 0.056587 seconds
  Import took 0.062729 seconds .

========================================================================
Received Import Request.
  Time since last request: 0.000684 seconds.
  path: Assets/Marker/cow.jpg
  artifactKey: Guid(eed7d1fed343a497f99abb9cf2c94e9d) Importer(815301076,1909f56bfc062723c751e8b465ee728b)
Start importing Assets/Marker/cow.jpg using Guid(eed7d1fed343a497f99abb9cf2c94e9d) Importer(815301076,1909f56bfc062723c751e8b465ee728b)  -> (artifact id: '2feb86e04e32e94ac206ac3c37a0abfb') in 0.060933 seconds
  Import took 0.066324 seconds .

========================================================================
Received Import Request.
  Time since last request: 0.000294 seconds.
  path: Assets/Marker/panda.jpg
  artifactKey: Guid(03e1a86c47de84477867d9b68a67cca8) Importer(815301076,1909f56bfc062723c751e8b465ee728b)
Start importing Assets/Marker/panda.jpg using Guid(03e1a86c47de84477867d9b68a67cca8) Importer(815301076,1909f56bfc062723c751e8b465ee728b)  -> (artifact id: '32cae853d80304489c8624f0882f3c46') in 0.062134 seconds
  Import took 0.066973 seconds .

========================================================================
Received Import Request.
  Time since last request: 0.000693 seconds.
  path: Assets/Marker/rat.jpg
  artifactKey: Guid(0089d48854e634aae95e91590b495a58) Importer(815301076,1909f56bfc062723c751e8b465ee728b)
Start importing Assets/Marker/rat.jpg using Guid(0089d48854e634aae95e91590b495a58) Importer(815301076,1909f56bfc062723c751e8b465ee728b)  -> (artifact id: '5be6b12f328df1204e96084bcae7174d') in 0.057303 seconds
  Import took 0.064120 seconds .

========================================================================
Received Import Request.
  Time since last request: 0.000324 seconds.
  path: Assets/Marker/cat.jpg
  artifactKey: Guid(6ae45fb286cb1482a913275219ff90de) Importer(815301076,1909f56bfc062723c751e8b465ee728b)
Start importing Assets/Marker/cat.jpg using Guid(6ae45fb286cb1482a913275219ff90de) Importer(815301076,1909f56bfc062723c751e8b465ee728b)  -> (artifact id: 'e2152f412585802e82b70269f3366a78') in 0.051164 seconds
  Import took 0.057499 seconds .

========================================================================
Received Import Request.
  Time since last request: 0.000381 seconds.
  path: Assets/Marker/dog.png
  artifactKey: Guid(4aa40046d2b534c9cb522ab4aa5b0c23) Importer(815301076,1909f56bfc062723c751e8b465ee728b)
Start importing Assets/Marker/dog.png using Guid(4aa40046d2b534c9cb522ab4aa5b0c23) Importer(815301076,1909f56bfc062723c751e8b465ee728b)  -> (artifact id: '4481e2d5669fad38b28be0dce0d769ae') in 0.075060 seconds
  Import took 0.082390 seconds .

========================================================================
Received Import Request.
  Time since last request: 0.000343 seconds.
  path: Assets/Marker/rabbit.jpg
  artifactKey: Guid(1ba61832810fd4fc1bc4acc8d3617e9d) Importer(815301076,1909f56bfc062723c751e8b465ee728b)
Start importing Assets/Marker/rabbit.jpg using Guid(1ba61832810fd4fc1bc4acc8d3617e9d) Importer(815301076,1909f56bfc062723c751e8b465ee728b)  -> (artifact id: '84ee221fb4c857882bee67b73c76b538') in 0.058035 seconds
  Import took 0.063037 seconds .

========================================================================
Received Import Request.
  Time since last request: 0.000364 seconds.
  path: Assets/Marker/monkey.jpg
  artifactKey: Guid(adc399a298ccd40e98cf1954eb7a5559) Importer(815301076,1909f56bfc062723c751e8b465ee728b)
Start importing Assets/Marker/monkey.jpg using Guid(adc399a298ccd40e98cf1954eb7a5559) Importer(815301076,1909f56bfc062723c751e8b465ee728b)  -> (artifact id: 'a32418474cf481f1f0028a0d55634994') in 0.054783 seconds
  Import took 0.063151 seconds .

========================================================================
Received Import Request.
  Time since last request: 0.000537 seconds.
  path: Assets/Marker/chicken.jpg
  artifactKey: Guid(0e8de5f9b28854df0be790ab6b672116) Importer(815301076,1909f56bfc062723c751e8b465ee728b)
Start importing Assets/Marker/chicken.jpg using Guid(0e8de5f9b28854df0be790ab6b672116) Importer(815301076,1909f56bfc062723c751e8b465ee728b)  -> (artifact id: 'e902114906503ebd6744060f2032d536') in 0.062933 seconds
  Import took 0.068617 seconds .

========================================================================
Received Import Request.
  Time since last request: 0.000335 seconds.
  path: Assets/Marker/fog.jpg
  artifactKey: Guid(62cfcd0e2d6e2400c9389f22c9b24d41) Importer(815301076,1909f56bfc062723c751e8b465ee728b)
Start importing Assets/Marker/fog.jpg using Guid(62cfcd0e2d6e2400c9389f22c9b24d41) Importer(815301076,1909f56bfc062723c751e8b465ee728b)  -> (artifact id: '5165574741f78d2d81b73bf542aabf51') in 0.066060 seconds
  Import took 0.070497 seconds .

========================================================================
Received Import Request.
  Time since last request: 0.000321 seconds.
  path: Assets/Marker/dog.jpg
  artifactKey: Guid(a8e7ab62a53ac47fdbced71ff0fe4335) Importer(815301076,1909f56bfc062723c751e8b465ee728b)
Start importing Assets/Marker/dog.jpg using Guid(a8e7ab62a53ac47fdbced71ff0fe4335) Importer(815301076,1909f56bfc062723c751e8b465ee728b)  -> (artifact id: 'c48d577c73fdea660d7111898e12e870') in 0.066643 seconds
  Import took 0.070615 seconds .

========================================================================
Received Import Request.
  Time since last request: 0.000286 seconds.
  path: Assets/Marker/bird.jpg
  artifactKey: Guid(a3f1527f6242f49b4951a2a924b20807) Importer(815301076,1909f56bfc062723c751e8b465ee728b)
Start importing Assets/Marker/bird.jpg using Guid(a3f1527f6242f49b4951a2a924b20807) Importer(815301076,1909f56bfc062723c751e8b465ee728b)  -> (artifact id: '87319738dfa4a97705c51818a3df95b1') in 0.061308 seconds
  Import took 0.065034 seconds .

========================================================================
Received Import Request.
  Time since last request: 0.000313 seconds.
  path: Assets/Marker/unity.png
  artifactKey: Guid(4d5c85c49a7ec477bbc5d17045327d1e) Importer(815301076,1909f56bfc062723c751e8b465ee728b)
Start importing Assets/Marker/unity.png using Guid(4d5c85c49a7ec477bbc5d17045327d1e) Importer(815301076,1909f56bfc062723c751e8b465ee728b)  -> (artifact id: '63dfe29d164c590779e88a906ba04d50') in 0.091888 seconds
  Import took 0.099205 seconds .

========================================================================
Received Import Request.
  Time since last request: 0.001001 seconds.
  path: Assets/Marker/zebra.jpg
  artifactKey: Guid(68c6f9481c7624fcd84cf3cf699f921b) Importer(815301076,1909f56bfc062723c751e8b465ee728b)
Start importing Assets/Marker/zebra.jpg using Guid(68c6f9481c7624fcd84cf3cf699f921b) Importer(815301076,1909f56bfc062723c751e8b465ee728b)  -> (artifact id: '5d07e1d390d9dc12ae7a7699163e0970') in 0.061506 seconds
  Import took 0.066963 seconds .

========================================================================
Received Import Request.
  Time since last request: 0.000335 seconds.
  path: Assets/Marker/rhino.jpg
  artifactKey: Guid(928c209ff3d6b428c8cf6455a710fe57) Importer(815301076,1909f56bfc062723c751e8b465ee728b)
Start importing Assets/Marker/rhino.jpg using Guid(928c209ff3d6b428c8cf6455a710fe57) Importer(815301076,1909f56bfc062723c751e8b465ee728b)  -> (artifact id: '47485e980c9df099107f95a2a44f7df1') in 0.060009 seconds
  Import took 0.064171 seconds .

========================================================================
Received Prepare
Refreshing native plugins compatible for Editor in 154.81 ms, found 0 plugins.
Preloading 0 native plugins for Editor in 0.00 ms.
Unloading 10 Unused Serialized files (Serialized files now loaded: 0)
System memory in use before: 39.5 MB.
System memory in use after: 39.5 MB.

Unloading 10 unused Assets to reduce memory usage. Loaded Objects now: 1989.
Total: 5.593400 ms (FindLiveObjects: 0.423700 ms CreateObjectMapping: 0.099600 ms MarkObjects: 4.901900 ms  DeleteObjects: 0.165600 ms)

AssetImportWorkerClient::OnTransportError - code=2 error=End of file
