Using pre-set license
Built from '2020.2/staging' branch; Version is '2020.2.3f1 (8ff31bc5bf5b) revision 9433883'; Using compiler version '192528614'; Build Type 'Release'
OS: 'Windows 10 Pro; OS build 18363.1379; Version 1909; 64bit' Language: 'en' Physical Memory: 12199 MB
BatchMode: 1, IsHumanControllingUs: 0, StartBugReporterOnCrash: 0, Is64bit: 1, IsPro: 0

 COMMAND LINE ARGUMENTS:
C:\Program Files\Unity\Hub\Editor\2020.2.3f1\Editor\Unity.exe
-adb2
-batchMode
-noUpm
-name
AssetImportWorker0
-projectPath
H:/PBALL/MD613603-6130702340/Edu6130702340
-logFile
Logs/AssetImportWorker0.log
-srvPort
59596
Successfully changed project path to: H:/PBALL/MD613603-6130702340/Edu6130702340
H:/PBALL/MD613603-6130702340/Edu6130702340
Using Asset Import Pipeline V2.
Refreshing native plugins compatible for Editor in 53.70 ms, found 0 plugins.
Preloading 0 native plugins for Editor in 0.00 ms.
Initialize engine version: 2020.2.3f1 (8ff31bc5bf5b)
[Subsystems] Discovering subsystems at path C:/Program Files/Unity/Hub/Editor/2020.2.3f1/Editor/Data/Resources/UnitySubsystems
[Subsystems] Discovering subsystems at path H:/PBALL/MD613603-6130702340/Edu6130702340/Assets
GfxDevice: creating device client; threaded=0
Direct3D:
    Version:  Direct3D 11.0 [level 10.1]
    Renderer: Intel(R) HD Graphics 3000 (ID=0x116)
    Vendor:   
    VRAM:     1040 MB
    Driver:   9.17.10.4459
Initialize mono
Mono path[0] = 'C:/Program Files/Unity/Hub/Editor/2020.2.3f1/Editor/Data/Managed'
Mono path[1] = 'C:/Program Files/Unity/Hub/Editor/2020.2.3f1/Editor/Data/MonoBleedingEdge/lib/mono/unityjit'
Mono config path = 'C:/Program Files/Unity/Hub/Editor/2020.2.3f1/Editor/Data/MonoBleedingEdge/etc'
Using monoOptions --debugger-agent=transport=dt_socket,embedding=1,server=y,suspend=n,address=127.0.0.1:56028
Begin MonoManager ReloadAssembly
Registering precompiled unity dll's ...
Register platform support module: C:/Program Files/Unity/Hub/Editor/2020.2.3f1/Editor/Data/PlaybackEngines/WebGLSupport/UnityEditor.WebGL.Extensions.dll
Register platform support module: C:/Program Files/Unity/Hub/Editor/2020.2.3f1/Editor/Data/PlaybackEngines/WindowsStandaloneSupport/UnityEditor.WindowsStandalone.Extensions.dll
Registered in 0.004907 seconds.
Native extension for WindowsStandalone target not found
Native extension for WebGL target not found
Refreshing native plugins compatible for Editor in 49.47 ms, found 0 plugins.
Preloading 0 native plugins for Editor in 0.00 ms.
Invoked RoslynAnalysisRunner static constructor.
RoslynAnalysisRunner will not be running.
RoslynAnalysisRunner has terminated.
Mono: successfully reloaded assembly
- Completed reload, in  3.600 seconds
Platform modules already initialized, skipping
Registering precompiled user dll's ...
Registered in 0.001194 seconds.
Begin MonoManager ReloadAssembly
Native extension for WindowsStandalone target not found
Native extension for WebGL target not found
Refreshing native plugins compatible for Editor in 46.54 ms, found 0 plugins.
Preloading 0 native plugins for Editor in 0.00 ms.
Invoked RoslynAnalysisRunner static constructor.
RoslynAnalysisRunner will not be running.
RoslynAnalysisRunner has terminated.
Mono: successfully reloaded assembly
- Completed reload, in  1.598 seconds
Platform modules already initialized, skipping
========================================================================
Worker process is ready to serve import requests
Launched and connected shader compiler UnityShaderCompiler.exe after 0.07 seconds
Refreshing native plugins compatible for Editor in 0.47 ms, found 0 plugins.
Preloading 0 native plugins for Editor in 0.00 ms.
Unloading 1484 Unused Serialized files (Serialized files now loaded: 0)
System memory in use before: 67.9 MB.
System memory in use after: 67.9 MB.

Unloading 13 unused Assets to reduce memory usage. Loaded Objects now: 1924.
Total: 2.709400 ms (FindLiveObjects: 0.226800 ms CreateObjectMapping: 0.077000 ms MarkObjects: 2.237600 ms  DeleteObjects: 0.165300 ms)

========================================================================
Received Import Request.
  path: Assets
  artifactKey: Guid(00000000000000001000000000000000) Importer(815301076,1909f56bfc062723c751e8b465ee728b)
Start importing Assets using Guid(00000000000000001000000000000000) Importer(815301076,1909f56bfc062723c751e8b465ee728b)  -> (artifact id: '653ce283d384579a24208b2e4d727c2a') in 0.020135 seconds
  Import took 0.023650 seconds .

========================================================================
Received Import Request.
  Time since last request: 1.294188 seconds.
  path: Assets/Marker
  artifactKey: Guid(c976d4266f5bde542a5d5e6448edfe07) Importer(815301076,1909f56bfc062723c751e8b465ee728b)
Start importing Assets/Marker using Guid(c976d4266f5bde542a5d5e6448edfe07) Importer(815301076,1909f56bfc062723c751e8b465ee728b)  -> (artifact id: '7906808635f75cf4c218cdbd508045fe') in 0.024363 seconds
  Import took 0.029365 seconds .

========================================================================
Received Import Request.
  Time since last request: 22.450855 seconds.
  path: Assets/Marker/1.jpg
  artifactKey: Guid(5335061ef1282644991439be1afebe5d) Importer(815301076,1909f56bfc062723c751e8b465ee728b)
Start importing Assets/Marker/1.jpg using Guid(5335061ef1282644991439be1afebe5d) Importer(815301076,1909f56bfc062723c751e8b465ee728b)  -> (artifact id: '18737c2e41ef50e542b1d1717023da7d') in 0.206276 seconds
  Import took 0.210404 seconds .

========================================================================
Received Import Request.
  Time since last request: 0.000363 seconds.
  path: Assets/Marker/3.jpg
  artifactKey: Guid(9d6180cd9e4f8834d96f73bf2f4c7ed7) Importer(815301076,1909f56bfc062723c751e8b465ee728b)
Start importing Assets/Marker/3.jpg using Guid(9d6180cd9e4f8834d96f73bf2f4c7ed7) Importer(815301076,1909f56bfc062723c751e8b465ee728b)  -> (artifact id: '9d180907ab9a801e730001d39e42de64') in 0.035686 seconds
  Import took 0.039370 seconds .

========================================================================
Received Import Request.
  Time since last request: 121.698024 seconds.
  path: Assets/Marker/ReferenceImageLibrary.asset
  artifactKey: Guid(4ef66462423400e4b8d127a955c14585) Importer(815301076,1909f56bfc062723c751e8b465ee728b)
Start importing Assets/Marker/ReferenceImageLibrary.asset using Guid(4ef66462423400e4b8d127a955c14585) Importer(815301076,1909f56bfc062723c751e8b465ee728b)  -> (artifact id: '38ead4089b7616e20d5f8cd6aabab301') in 0.049796 seconds
  Import took 0.055834 seconds .

========================================================================
Received Import Request.
  Time since last request: 502.459479 seconds.
  path: Assets/Script
  artifactKey: Guid(c274fee1328e8a4419a9cc38bdb910c3) Importer(815301076,1909f56bfc062723c751e8b465ee728b)
Start importing Assets/Script using Guid(c274fee1328e8a4419a9cc38bdb910c3) Importer(815301076,1909f56bfc062723c751e8b465ee728b)  -> (artifact id: '95337298b6015577e8bbc19d6e0f725a') in 0.021562 seconds
  Import took 0.025872 seconds .

========================================================================
Received Import Request.
  Time since last request: 8.985628 seconds.
  path: Assets/Script/NewBehaviourScript.cs
  artifactKey: Guid(21dae5c04c6a94446b92e4198b50210c) Importer(815301076,1909f56bfc062723c751e8b465ee728b)
Start importing Assets/Script/NewBehaviourScript.cs using Guid(21dae5c04c6a94446b92e4198b50210c) Importer(815301076,1909f56bfc062723c751e8b465ee728b)  -> (artifact id: '0f825d1d02819ae997a1d50fc81740ff') in 0.048024 seconds
  Import took 0.054174 seconds .

========================================================================
Received Import Request.
  Time since last request: 0.000700 seconds.
  path: Assets/Script/NewBehaviourScript.cs
  artifactKey: Guid(21dae5c04c6a94446b92e4198b50210c) Importer(815301076,1909f56bfc062723c751e8b465ee728b)
Start importing Assets/Script/NewBehaviourScript.cs using Guid(21dae5c04c6a94446b92e4198b50210c) Importer(815301076,1909f56bfc062723c751e8b465ee728b)  -> (artifact id: '0f825d1d02819ae997a1d50fc81740ff') in 0.013440 seconds
  Import took 0.018406 seconds .

========================================================================
Received Prepare
Registering precompiled user dll's ...
Registered in 0.001880 seconds.
Begin MonoManager ReloadAssembly
Native extension for WindowsStandalone target not found
Native extension for WebGL target not found
Refreshing native plugins compatible for Editor in 0.61 ms, found 0 plugins.
Preloading 0 native plugins for Editor in 0.00 ms.
Invoked RoslynAnalysisRunner static constructor.
RoslynAnalysisRunner will not be running.
RoslynAnalysisRunner has terminated.
Mono: successfully reloaded assembly
- Completed reload, in  1.596 seconds
Platform modules already initialized, skipping
Refreshing native plugins compatible for Editor in 0.49 ms, found 0 plugins.
Preloading 0 native plugins for Editor in 0.00 ms.
Unloading 1473 Unused Serialized files (Serialized files now loaded: 0)
System memory in use before: 67.6 MB.
System memory in use after: 67.7 MB.

Unloading 8 unused Assets to reduce memory usage. Loaded Objects now: 1929.
Total: 2.696100 ms (FindLiveObjects: 0.195700 ms CreateObjectMapping: 0.074500 ms MarkObjects: 2.302100 ms  DeleteObjects: 0.121800 ms)

========================================================================
Received Import Request.
  Time since last request: 499.607898 seconds.
  path: Assets/Script/SwitchPrefab.cs
  artifactKey: Guid(9f923e192ef9d834b807def26571cb60) Importer(815301076,1909f56bfc062723c751e8b465ee728b)
Start importing Assets/Script/SwitchPrefab.cs using Guid(9f923e192ef9d834b807def26571cb60) Importer(815301076,1909f56bfc062723c751e8b465ee728b)  -> (artifact id: 'd3e75a4d66c1a5329c20a2c6b0af2d6f') in 0.032750 seconds
  Import took 0.038285 seconds .

========================================================================
Received Prepare
Registering precompiled user dll's ...
Registered in 0.001616 seconds.
Begin MonoManager ReloadAssembly
Native extension for WindowsStandalone target not found
Native extension for WebGL target not found
Refreshing native plugins compatible for Editor in 0.55 ms, found 0 plugins.
Preloading 0 native plugins for Editor in 0.00 ms.
Invoked RoslynAnalysisRunner static constructor.
RoslynAnalysisRunner will not be running.
RoslynAnalysisRunner has terminated.
Mono: successfully reloaded assembly
- Completed reload, in  1.861 seconds
Platform modules already initialized, skipping
Refreshing native plugins compatible for Editor in 0.60 ms, found 0 plugins.
Preloading 0 native plugins for Editor in 0.00 ms.
Unloading 1474 Unused Serialized files (Serialized files now loaded: 0)
System memory in use before: 67.7 MB.
System memory in use after: 67.7 MB.

Unloading 8 unused Assets to reduce memory usage. Loaded Objects now: 1933.
Total: 2.929700 ms (FindLiveObjects: 0.254500 ms CreateObjectMapping: 0.076300 ms MarkObjects: 2.463400 ms  DeleteObjects: 0.133100 ms)

========================================================================
Received Prepare
Registering precompiled user dll's ...
Registered in 0.001275 seconds.
Begin MonoManager ReloadAssembly
Native extension for WindowsStandalone target not found
Native extension for WebGL target not found
Refreshing native plugins compatible for Editor in 0.50 ms, found 0 plugins.
Preloading 0 native plugins for Editor in 0.00 ms.
Invoked RoslynAnalysisRunner static constructor.
RoslynAnalysisRunner will not be running.
RoslynAnalysisRunner has terminated.
Mono: successfully reloaded assembly
- Completed reload, in  1.598 seconds
Platform modules already initialized, skipping
Refreshing native plugins compatible for Editor in 0.49 ms, found 0 plugins.
Preloading 0 native plugins for Editor in 0.00 ms.
Unloading 1474 Unused Serialized files (Serialized files now loaded: 0)
System memory in use before: 67.7 MB.
System memory in use after: 67.8 MB.

Unloading 8 unused Assets to reduce memory usage. Loaded Objects now: 1936.
Total: 2.664300 ms (FindLiveObjects: 0.199100 ms CreateObjectMapping: 0.071500 ms MarkObjects: 2.270800 ms  DeleteObjects: 0.121000 ms)

========================================================================
Received Import Request.
  Time since last request: 37.567537 seconds.
  path: Assets/Script/SwitchPrefab.cs
  artifactKey: Guid(9f923e192ef9d834b807def26571cb60) Importer(815301076,1909f56bfc062723c751e8b465ee728b)
Start importing Assets/Script/SwitchPrefab.cs using Guid(9f923e192ef9d834b807def26571cb60) Importer(815301076,1909f56bfc062723c751e8b465ee728b)  -> (artifact id: '8ec942bf2494b364fb915ed27e3d9ff8') in 0.015683 seconds
  Import took 0.019432 seconds .

========================================================================
Received Import Request.
  Time since last request: 479.244148 seconds.
  path: Assets/Marker/ReferenceImageLibrary.asset
  artifactKey: Guid(4ef66462423400e4b8d127a955c14585) Importer(815301076,1909f56bfc062723c751e8b465ee728b)
Start importing Assets/Marker/ReferenceImageLibrary.asset using Guid(4ef66462423400e4b8d127a955c14585) Importer(815301076,1909f56bfc062723c751e8b465ee728b)  -> (artifact id: '951637adae28c3a88b46a3e4ce83cf13') in 0.068124 seconds
  Import took 0.073253 seconds .

