Using pre-set license
Built from '2020.2/staging' branch; Version is '2020.2.3f1 (8ff31bc5bf5b) revision 9433883'; Using compiler version '192528614'; Build Type 'Release'
OS: 'Windows 10 Pro; OS build 18363.1379; Version 1909; 64bit' Language: 'en' Physical Memory: 12199 MB
BatchMode: 1, IsHumanControllingUs: 0, StartBugReporterOnCrash: 0, Is64bit: 1, IsPro: 0

 COMMAND LINE ARGUMENTS:
C:\Program Files\Unity\Hub\Editor\2020.2.3f1\Editor\Unity.exe
-adb2
-batchMode
-noUpm
-name
AssetImportWorker0
-projectPath
H:/PBALL/MD613603-6130702340/Edu6130702340
-logFile
Logs/AssetImportWorker0.log
-srvPort
58959
Successfully changed project path to: H:/PBALL/MD613603-6130702340/Edu6130702340
H:/PBALL/MD613603-6130702340/Edu6130702340
Using Asset Import Pipeline V2.
Refreshing native plugins compatible for Editor in 50.08 ms, found 0 plugins.
Preloading 0 native plugins for Editor in 0.00 ms.
Initialize engine version: 2020.2.3f1 (8ff31bc5bf5b)
[Subsystems] Discovering subsystems at path C:/Program Files/Unity/Hub/Editor/2020.2.3f1/Editor/Data/Resources/UnitySubsystems
[Subsystems] Discovering subsystems at path H:/PBALL/MD613603-6130702340/Edu6130702340/Assets
GfxDevice: creating device client; threaded=0
Direct3D:
    Version:  Direct3D 11.0 [level 10.1]
    Renderer: Intel(R) HD Graphics 3000 (ID=0x116)
    Vendor:   
    VRAM:     1040 MB
    Driver:   9.17.10.4459
Initialize mono
Mono path[0] = 'C:/Program Files/Unity/Hub/Editor/2020.2.3f1/Editor/Data/Managed'
Mono path[1] = 'C:/Program Files/Unity/Hub/Editor/2020.2.3f1/Editor/Data/MonoBleedingEdge/lib/mono/unityjit'
Mono config path = 'C:/Program Files/Unity/Hub/Editor/2020.2.3f1/Editor/Data/MonoBleedingEdge/etc'
Using monoOptions --debugger-agent=transport=dt_socket,embedding=1,server=y,suspend=n,address=127.0.0.1:56236
Begin MonoManager ReloadAssembly
Registering precompiled unity dll's ...
Register platform support module: C:/Program Files/Unity/Hub/Editor/2020.2.3f1/Editor/Data/PlaybackEngines/WebGLSupport/UnityEditor.WebGL.Extensions.dll
Register platform support module: C:/Program Files/Unity/Hub/Editor/2020.2.3f1/Editor/Data/PlaybackEngines/WindowsStandaloneSupport/UnityEditor.WindowsStandalone.Extensions.dll
Registered in 0.005032 seconds.
Native extension for WindowsStandalone target not found
Native extension for WebGL target not found
Refreshing native plugins compatible for Editor in 47.15 ms, found 0 plugins.
Preloading 0 native plugins for Editor in 0.00 ms.
Invoked RoslynAnalysisRunner static constructor.
RoslynAnalysisRunner will not be running.
RoslynAnalysisRunner has terminated.
Mono: successfully reloaded assembly
- Completed reload, in  3.566 seconds
Platform modules already initialized, skipping
Registering precompiled user dll's ...
Registered in 0.001208 seconds.
Begin MonoManager ReloadAssembly
Native extension for WindowsStandalone target not found
Native extension for WebGL target not found
Refreshing native plugins compatible for Editor in 47.12 ms, found 0 plugins.
Preloading 0 native plugins for Editor in 0.00 ms.
Invoked RoslynAnalysisRunner static constructor.
RoslynAnalysisRunner will not be running.
RoslynAnalysisRunner has terminated.
Mono: successfully reloaded assembly
- Completed reload, in  1.547 seconds
Platform modules already initialized, skipping
========================================================================
Worker process is ready to serve import requests
Launched and connected shader compiler UnityShaderCompiler.exe after 0.08 seconds
Refreshing native plugins compatible for Editor in 0.46 ms, found 0 plugins.
Preloading 0 native plugins for Editor in 0.00 ms.
Unloading 1486 Unused Serialized files (Serialized files now loaded: 0)
System memory in use before: 68.0 MB.
System memory in use after: 68.0 MB.

Unloading 12 unused Assets to reduce memory usage. Loaded Objects now: 1926.
Total: 2.647200 ms (FindLiveObjects: 0.229500 ms CreateObjectMapping: 0.073600 ms MarkObjects: 2.188400 ms  DeleteObjects: 0.153500 ms)

========================================================================
Received Import Request.
  path: Assets/Marker/3.jpg
  artifactKey: Guid(9d6180cd9e4f8834d96f73bf2f4c7ed7) Importer(815301076,1909f56bfc062723c751e8b465ee728b)
Start importing Assets/Marker/3.jpg using Guid(9d6180cd9e4f8834d96f73bf2f4c7ed7) Importer(815301076,1909f56bfc062723c751e8b465ee728b)  -> (artifact id: '9a330445e71f2a3872b4070b78893421') in 0.246034 seconds
  Import took 0.249869 seconds .

========================================================================
Received Import Request.
  Time since last request: 0.000291 seconds.
  path: Assets/Marker/1.jpg
  artifactKey: Guid(5335061ef1282644991439be1afebe5d) Importer(815301076,1909f56bfc062723c751e8b465ee728b)
Start importing Assets/Marker/1.jpg using Guid(5335061ef1282644991439be1afebe5d) Importer(815301076,1909f56bfc062723c751e8b465ee728b)  -> (artifact id: '518326934247ff977c3d1e71d9e228d8') in 0.102666 seconds
  Import took 0.106370 seconds .

========================================================================
Received Import Request.
  Time since last request: 4.030780 seconds.
  path: Assets/XR/XRGeneralSettings.asset
  artifactKey: Guid(115789f05bf386f4a96d7a25c719247c) Importer(815301076,1909f56bfc062723c751e8b465ee728b)
Start importing Assets/XR/XRGeneralSettings.asset using Guid(115789f05bf386f4a96d7a25c719247c) Importer(815301076,1909f56bfc062723c751e8b465ee728b)  -> (artifact id: '4c45c58ce3b7ec4552b0ca1e152719fb') in 0.042980 seconds
  Import took 0.047512 seconds .

========================================================================
Received Prepare
Refreshing native plugins compatible for Editor in 1.34 ms, found 0 plugins.
Preloading 0 native plugins for Editor in 0.00 ms.
Unloading 4 Unused Serialized files (Serialized files now loaded: 0)
System memory in use before: 38.3 MB.
System memory in use after: 38.4 MB.

Unloading 4 unused Assets to reduce memory usage. Loaded Objects now: 1928.
Total: 3.708600 ms (FindLiveObjects: 0.211400 ms CreateObjectMapping: 0.072800 ms MarkObjects: 3.273500 ms  DeleteObjects: 0.148600 ms)

========================================================================
Received Import Request.
  Time since last request: 671.502208 seconds.
  path: Assets/Script/Answer.cs
  artifactKey: Guid(3eaa1dc62b6a7b44095da64df5cd8ef0) Importer(815301076,1909f56bfc062723c751e8b465ee728b)
Start importing Assets/Script/Answer.cs using Guid(3eaa1dc62b6a7b44095da64df5cd8ef0) Importer(815301076,1909f56bfc062723c751e8b465ee728b)  -> (artifact id: '8506674fe11f9cb2151f0d8a46b3786a') in 0.071157 seconds
  Import took 0.079141 seconds .

========================================================================
Received Prepare
Registering precompiled user dll's ...
Registered in 0.001601 seconds.
Begin MonoManager ReloadAssembly
Native extension for WindowsStandalone target not found
Native extension for WebGL target not found
Refreshing native plugins compatible for Editor in 0.47 ms, found 0 plugins.
Preloading 0 native plugins for Editor in 0.00 ms.
Invoked RoslynAnalysisRunner static constructor.
RoslynAnalysisRunner will not be running.
RoslynAnalysisRunner has terminated.
Mono: successfully reloaded assembly
- Completed reload, in  1.642 seconds
Platform modules already initialized, skipping
Switching build target platform(5) subTarget(0) extendedPlatform(0) -> platform(13) subTarget(524288) extendedPlatform(0)
Refreshing native plugins compatible for Editor in 0.48 ms, found 0 plugins.
Preloading 0 native plugins for Editor in 0.00 ms.
Unloading 1478 Unused Serialized files (Serialized files now loaded: 0)
System memory in use before: 67.7 MB.
System memory in use after: 67.7 MB.

Unloading 7 unused Assets to reduce memory usage. Loaded Objects now: 1932.
Total: 2.610300 ms (FindLiveObjects: 0.192300 ms CreateObjectMapping: 0.071300 ms MarkObjects: 2.234400 ms  DeleteObjects: 0.110200 ms)

AssetImportParameters requested are different than current active one (requested -> active):
  custom:graphics/normal-map-encoding: 01000000000000000000000000000000 -> 02000000000000000000000000000000
========================================================================
Received Prepare
Registering precompiled user dll's ...
Registered in 0.001372 seconds.
Begin MonoManager ReloadAssembly
Native extension for WindowsStandalone target not found
Native extension for WebGL target not found
Refreshing native plugins compatible for Editor in 0.49 ms, found 0 plugins.
Preloading 0 native plugins for Editor in 0.00 ms.
Invoked RoslynAnalysisRunner static constructor.
RoslynAnalysisRunner will not be running.
RoslynAnalysisRunner has terminated.
Mono: successfully reloaded assembly
- Completed reload, in  1.601 seconds
Platform modules already initialized, skipping
Switching build target platform(5) subTarget(0) extendedPlatform(0) -> platform(13) subTarget(524288) extendedPlatform(0)
Refreshing native plugins compatible for Editor in 0.48 ms, found 0 plugins.
Preloading 0 native plugins for Editor in 0.00 ms.
Unloading 1478 Unused Serialized files (Serialized files now loaded: 0)
System memory in use before: 67.7 MB.
System memory in use after: 67.7 MB.

Unloading 7 unused Assets to reduce memory usage. Loaded Objects now: 1935.
Total: 2.547900 ms (FindLiveObjects: 0.196300 ms CreateObjectMapping: 0.071500 ms MarkObjects: 2.165500 ms  DeleteObjects: 0.112700 ms)

AssetImportParameters requested are different than current active one (requested -> active):
  custom:graphics/normal-map-encoding: 01000000000000000000000000000000 -> 02000000000000000000000000000000
========================================================================
Received Import Request.
  Time since last request: 1172.056162 seconds.
  path: Assets/Script/Answer.cs
  artifactKey: Guid(3eaa1dc62b6a7b44095da64df5cd8ef0) Importer(815301076,1909f56bfc062723c751e8b465ee728b)
Start importing Assets/Script/Answer.cs using Guid(3eaa1dc62b6a7b44095da64df5cd8ef0) Importer(815301076,1909f56bfc062723c751e8b465ee728b)  -> (artifact id: 'ee98e2296cb244662379dfcf57a5f6e3') in 0.015728 seconds
  Import took 0.019334 seconds .

========================================================================
Received Prepare
Registering precompiled user dll's ...
Registered in 0.003174 seconds.
Begin MonoManager ReloadAssembly
Native extension for WindowsStandalone target not found
Native extension for WebGL target not found
Refreshing native plugins compatible for Editor in 0.72 ms, found 0 plugins.
Preloading 0 native plugins for Editor in 0.00 ms.
Invoked RoslynAnalysisRunner static constructor.
RoslynAnalysisRunner will not be running.
RoslynAnalysisRunner has terminated.
Mono: successfully reloaded assembly
- Completed reload, in  2.610 seconds
Platform modules already initialized, skipping
Switching build target platform(5) subTarget(0) extendedPlatform(0) -> platform(13) subTarget(524288) extendedPlatform(0)
Refreshing native plugins compatible for Editor in 0.60 ms, found 0 plugins.
Preloading 0 native plugins for Editor in 0.00 ms.
Unloading 1478 Unused Serialized files (Serialized files now loaded: 0)
System memory in use before: 67.7 MB.
System memory in use after: 67.8 MB.

Unloading 7 unused Assets to reduce memory usage. Loaded Objects now: 1938.
Total: 8.469700 ms (FindLiveObjects: 0.281700 ms CreateObjectMapping: 0.109500 ms MarkObjects: 7.724400 ms  DeleteObjects: 0.351000 ms)

AssetImportParameters requested are different than current active one (requested -> active):
  custom:graphics/normal-map-encoding: 01000000000000000000000000000000 -> 02000000000000000000000000000000
========================================================================
Received Prepare
Registering precompiled user dll's ...
Registered in 0.001947 seconds.
Begin MonoManager ReloadAssembly
Native extension for WindowsStandalone target not found
Native extension for WebGL target not found
Refreshing native plugins compatible for Editor in 0.63 ms, found 0 plugins.
Preloading 0 native plugins for Editor in 0.00 ms.
Invoked RoslynAnalysisRunner static constructor.
RoslynAnalysisRunner will not be running.
RoslynAnalysisRunner has terminated.
Mono: successfully reloaded assembly
- Completed reload, in  2.074 seconds
Platform modules already initialized, skipping
Switching build target platform(5) subTarget(0) extendedPlatform(0) -> platform(13) subTarget(524288) extendedPlatform(0)
Refreshing native plugins compatible for Editor in 0.46 ms, found 0 plugins.
Preloading 0 native plugins for Editor in 0.00 ms.
Unloading 1478 Unused Serialized files (Serialized files now loaded: 0)
System memory in use before: 67.7 MB.
System memory in use after: 67.8 MB.

Unloading 7 unused Assets to reduce memory usage. Loaded Objects now: 1941.
Total: 2.699600 ms (FindLiveObjects: 0.200700 ms CreateObjectMapping: 0.070800 ms MarkObjects: 2.302400 ms  DeleteObjects: 0.123300 ms)

AssetImportParameters requested are different than current active one (requested -> active):
  custom:graphics/normal-map-encoding: 01000000000000000000000000000000 -> 02000000000000000000000000000000
========================================================================
Received Prepare
Registering precompiled user dll's ...
Registered in 0.002605 seconds.
Begin MonoManager ReloadAssembly
Native extension for WindowsStandalone target not found
Native extension for WebGL target not found
Refreshing native plugins compatible for Editor in 0.50 ms, found 0 plugins.
Preloading 0 native plugins for Editor in 0.00 ms.
Invoked RoslynAnalysisRunner static constructor.
RoslynAnalysisRunner will not be running.
RoslynAnalysisRunner has terminated.
Mono: successfully reloaded assembly
- Completed reload, in  1.707 seconds
Platform modules already initialized, skipping
Switching build target platform(5) subTarget(0) extendedPlatform(0) -> platform(13) subTarget(524288) extendedPlatform(0)
Refreshing native plugins compatible for Editor in 0.50 ms, found 0 plugins.
Preloading 0 native plugins for Editor in 0.00 ms.
Unloading 1478 Unused Serialized files (Serialized files now loaded: 0)
System memory in use before: 67.7 MB.
System memory in use after: 67.8 MB.

Unloading 7 unused Assets to reduce memory usage. Loaded Objects now: 1944.
Total: 3.125600 ms (FindLiveObjects: 0.230900 ms CreateObjectMapping: 0.070800 ms MarkObjects: 2.705100 ms  DeleteObjects: 0.116700 ms)

AssetImportParameters requested are different than current active one (requested -> active):
  custom:graphics/normal-map-encoding: 01000000000000000000000000000000 -> 02000000000000000000000000000000
========================================================================
Received Prepare
Registering precompiled user dll's ...
Registered in 0.001812 seconds.
Begin MonoManager ReloadAssembly
Native extension for WindowsStandalone target not found
Native extension for WebGL target not found
Refreshing native plugins compatible for Editor in 0.72 ms, found 0 plugins.
Preloading 0 native plugins for Editor in 0.00 ms.
Invoked RoslynAnalysisRunner static constructor.
RoslynAnalysisRunner will not be running.
RoslynAnalysisRunner has terminated.
Mono: successfully reloaded assembly
- Completed reload, in  1.932 seconds
Platform modules already initialized, skipping
Switching build target platform(5) subTarget(0) extendedPlatform(0) -> platform(13) subTarget(524288) extendedPlatform(0)
Refreshing native plugins compatible for Editor in 0.81 ms, found 0 plugins.
Preloading 0 native plugins for Editor in 0.00 ms.
Unloading 1478 Unused Serialized files (Serialized files now loaded: 0)
System memory in use before: 67.7 MB.
System memory in use after: 67.8 MB.

Unloading 7 unused Assets to reduce memory usage. Loaded Objects now: 1947.
Total: 4.509000 ms (FindLiveObjects: 0.228600 ms CreateObjectMapping: 0.081300 ms MarkObjects: 4.070200 ms  DeleteObjects: 0.126000 ms)

AssetImportParameters requested are different than current active one (requested -> active):
  custom:graphics/normal-map-encoding: 01000000000000000000000000000000 -> 02000000000000000000000000000000
========================================================================
Received Prepare
Registering precompiled user dll's ...
Registered in 0.001435 seconds.
Begin MonoManager ReloadAssembly
Native extension for WindowsStandalone target not found
Native extension for WebGL target not found
Refreshing native plugins compatible for Editor in 0.47 ms, found 0 plugins.
Preloading 0 native plugins for Editor in 0.00 ms.
Invoked RoslynAnalysisRunner static constructor.
RoslynAnalysisRunner will not be running.
RoslynAnalysisRunner has terminated.
Mono: successfully reloaded assembly
- Completed reload, in  1.616 seconds
Platform modules already initialized, skipping
Switching build target platform(5) subTarget(0) extendedPlatform(0) -> platform(13) subTarget(524288) extendedPlatform(0)
Refreshing native plugins compatible for Editor in 0.50 ms, found 0 plugins.
Preloading 0 native plugins for Editor in 0.00 ms.
Unloading 1478 Unused Serialized files (Serialized files now loaded: 0)
System memory in use before: 67.7 MB.
System memory in use after: 67.8 MB.

Unloading 7 unused Assets to reduce memory usage. Loaded Objects now: 1950.
Total: 3.043900 ms (FindLiveObjects: 0.235500 ms CreateObjectMapping: 0.071000 ms MarkObjects: 2.589900 ms  DeleteObjects: 0.143300 ms)

AssetImportParameters requested are different than current active one (requested -> active):
  custom:graphics/normal-map-encoding: 01000000000000000000000000000000 -> 02000000000000000000000000000000
========================================================================
Received Prepare
Registering precompiled user dll's ...
Registered in 0.077477 seconds.
Begin MonoManager ReloadAssembly
Native extension for WindowsStandalone target not found
Native extension for WebGL target not found
Refreshing native plugins compatible for Editor in 0.51 ms, found 0 plugins.
Preloading 0 native plugins for Editor in 0.00 ms.
Invoked RoslynAnalysisRunner static constructor.
RoslynAnalysisRunner will not be running.
RoslynAnalysisRunner has terminated.
Mono: successfully reloaded assembly
- Completed reload, in  2.651 seconds
Platform modules already initialized, skipping
Switching build target platform(5) subTarget(0) extendedPlatform(0) -> platform(13) subTarget(524288) extendedPlatform(0)
Refreshing native plugins compatible for Editor in 0.52 ms, found 0 plugins.
Preloading 0 native plugins for Editor in 0.00 ms.
Unloading 1479 Unused Serialized files (Serialized files now loaded: 0)
System memory in use before: 67.8 MB.
System memory in use after: 67.8 MB.

Unloading 7 unused Assets to reduce memory usage. Loaded Objects now: 1954.
Total: 2.683500 ms (FindLiveObjects: 0.215700 ms CreateObjectMapping: 0.068000 ms MarkObjects: 2.282100 ms  DeleteObjects: 0.115800 ms)

AssetImportParameters requested are different than current active one (requested -> active):
  custom:graphics/normal-map-encoding: 01000000000000000000000000000000 -> 02000000000000000000000000000000
========================================================================
Received Prepare
Registering precompiled user dll's ...
Registered in 0.001127 seconds.
Begin MonoManager ReloadAssembly
Native extension for WindowsStandalone target not found
Native extension for WebGL target not found
Refreshing native plugins compatible for Editor in 0.49 ms, found 0 plugins.
Preloading 0 native plugins for Editor in 0.00 ms.
Invoked RoslynAnalysisRunner static constructor.
RoslynAnalysisRunner will not be running.
RoslynAnalysisRunner has terminated.
Mono: successfully reloaded assembly
- Completed reload, in  1.486 seconds
Platform modules already initialized, skipping
Switching build target platform(5) subTarget(0) extendedPlatform(0) -> platform(13) subTarget(524288) extendedPlatform(0)
Refreshing native plugins compatible for Editor in 0.52 ms, found 0 plugins.
Preloading 0 native plugins for Editor in 0.00 ms.
Unloading 1479 Unused Serialized files (Serialized files now loaded: 0)
System memory in use before: 67.8 MB.
System memory in use after: 67.8 MB.

Unloading 7 unused Assets to reduce memory usage. Loaded Objects now: 1957.
Total: 2.698100 ms (FindLiveObjects: 0.215700 ms CreateObjectMapping: 0.076100 ms MarkObjects: 2.276000 ms  DeleteObjects: 0.128000 ms)

AssetImportParameters requested are different than current active one (requested -> active):
  custom:graphics/normal-map-encoding: 01000000000000000000000000000000 -> 02000000000000000000000000000000
========================================================================
Received Import Request.
  Time since last request: 3039.095324 seconds.
  path: Assets/Script/GameManager.cs
  artifactKey: Guid(f7737c25f6a188540926d6371c9cb32b) Importer(815301076,1909f56bfc062723c751e8b465ee728b)
Start importing Assets/Script/GameManager.cs using Guid(f7737c25f6a188540926d6371c9cb32b) Importer(815301076,1909f56bfc062723c751e8b465ee728b)  -> (artifact id: '6cdae980da4727e4f53a6683e6334624') in 0.018257 seconds
  Import took 0.022093 seconds .

========================================================================
Received Import Request.
  Time since last request: 998.853242 seconds.
  path: Assets/Script/GameManager.cs
  artifactKey: Guid(f7737c25f6a188540926d6371c9cb32b) Importer(815301076,1909f56bfc062723c751e8b465ee728b)
Start importing Assets/Script/GameManager.cs using Guid(f7737c25f6a188540926d6371c9cb32b) Importer(815301076,1909f56bfc062723c751e8b465ee728b)  -> (artifact id: '3a1ac63add17a43c50a1e8b5aaa1d0bb') in 0.012302 seconds
  Import took 0.019482 seconds .

========================================================================
Received Import Request.
  Time since last request: 275.661287 seconds.
  path: Assets/Script/GameManager.cs
  artifactKey: Guid(f7737c25f6a188540926d6371c9cb32b) Importer(815301076,1909f56bfc062723c751e8b465ee728b)
Start importing Assets/Script/GameManager.cs using Guid(f7737c25f6a188540926d6371c9cb32b) Importer(815301076,1909f56bfc062723c751e8b465ee728b)  -> (artifact id: '1a33a7484b957dab479d403f6c86cc0a') in 0.024947 seconds
  Import took 0.031404 seconds .

========================================================================
Received Import Request.
  Time since last request: 37.051117 seconds.
  path: Assets/Script/GameManager.cs
  artifactKey: Guid(f7737c25f6a188540926d6371c9cb32b) Importer(815301076,1909f56bfc062723c751e8b465ee728b)
Start importing Assets/Script/GameManager.cs using Guid(f7737c25f6a188540926d6371c9cb32b) Importer(815301076,1909f56bfc062723c751e8b465ee728b)  -> (artifact id: '1082ef9574d5c4d27411f33c6d29d195') in 0.021688 seconds
  Import took 0.030676 seconds .

========================================================================
Received Import Request.
  Time since last request: 82.050014 seconds.
  path: Assets/Script/GameManager.cs
  artifactKey: Guid(f7737c25f6a188540926d6371c9cb32b) Importer(815301076,1909f56bfc062723c751e8b465ee728b)
Start importing Assets/Script/GameManager.cs using Guid(f7737c25f6a188540926d6371c9cb32b) Importer(815301076,1909f56bfc062723c751e8b465ee728b)  -> (artifact id: 'dacc0000dd33d1489dc3ef9d5280aa71') in 0.016157 seconds
  Import took 0.022558 seconds .

========================================================================
Received Import Request.
  Time since last request: 80.266728 seconds.
  path: Assets/Script/GameManager.cs
  artifactKey: Guid(f7737c25f6a188540926d6371c9cb32b) Importer(815301076,1909f56bfc062723c751e8b465ee728b)
Start importing Assets/Script/GameManager.cs using Guid(f7737c25f6a188540926d6371c9cb32b) Importer(815301076,1909f56bfc062723c751e8b465ee728b)  -> (artifact id: '99a3400cb2370081498bcb50c79f704f') in 0.019676 seconds
  Import took 0.025800 seconds .

========================================================================
Received Import Request.
  Time since last request: 95.742843 seconds.
  path: Assets/Script/GameManager.cs
  artifactKey: Guid(f7737c25f6a188540926d6371c9cb32b) Importer(815301076,1909f56bfc062723c751e8b465ee728b)
Start importing Assets/Script/GameManager.cs using Guid(f7737c25f6a188540926d6371c9cb32b) Importer(815301076,1909f56bfc062723c751e8b465ee728b)  -> (artifact id: '9a4888d2b8a5e41c746577e2a6a52f5f') in 0.013893 seconds
  Import took 0.021645 seconds .

========================================================================
Received Import Request.
  Time since last request: 30.142511 seconds.
  path: Assets/Script/GameManager.cs
  artifactKey: Guid(f7737c25f6a188540926d6371c9cb32b) Importer(815301076,1909f56bfc062723c751e8b465ee728b)
Start importing Assets/Script/GameManager.cs using Guid(f7737c25f6a188540926d6371c9cb32b) Importer(815301076,1909f56bfc062723c751e8b465ee728b)  -> (artifact id: '5302b0d4e71b6f14f412ea6ae199c4e8') in 0.015146 seconds
  Import took 0.020210 seconds .

========================================================================
Received Prepare
Registering precompiled user dll's ...
Registered in 0.001555 seconds.
Begin MonoManager ReloadAssembly
Native extension for WindowsStandalone target not found
Native extension for WebGL target not found
Refreshing native plugins compatible for Editor in 0.50 ms, found 0 plugins.
Preloading 0 native plugins for Editor in 0.00 ms.
Invoked RoslynAnalysisRunner static constructor.
RoslynAnalysisRunner will not be running.
RoslynAnalysisRunner has terminated.
Mono: successfully reloaded assembly
- Completed reload, in  1.793 seconds
Platform modules already initialized, skipping
Switching build target platform(5) subTarget(0) extendedPlatform(0) -> platform(13) subTarget(524288) extendedPlatform(0)
Refreshing native plugins compatible for Editor in 0.46 ms, found 0 plugins.
Preloading 0 native plugins for Editor in 0.00 ms.
Unloading 1479 Unused Serialized files (Serialized files now loaded: 0)
System memory in use before: 67.8 MB.
System memory in use after: 67.8 MB.

Unloading 7 unused Assets to reduce memory usage. Loaded Objects now: 1960.
Total: 2.878200 ms (FindLiveObjects: 0.235900 ms CreateObjectMapping: 0.069100 ms MarkObjects: 2.402800 ms  DeleteObjects: 0.168000 ms)

AssetImportParameters requested are different than current active one (requested -> active):
  custom:graphics/normal-map-encoding: 01000000000000000000000000000000 -> 02000000000000000000000000000000
========================================================================
Received Import Request.
  Time since last request: 45.254036 seconds.
  path: Assets/Script/GameManager.cs
  artifactKey: Guid(f7737c25f6a188540926d6371c9cb32b) Importer(815301076,1909f56bfc062723c751e8b465ee728b)
Start importing Assets/Script/GameManager.cs using Guid(f7737c25f6a188540926d6371c9cb32b) Importer(815301076,1909f56bfc062723c751e8b465ee728b)  -> (artifact id: 'cd1592b2d8d9907f542f59878bfa020e') in 0.015866 seconds
  Import took 0.019627 seconds .

========================================================================
Received Prepare
Registering precompiled user dll's ...
Registered in 0.001703 seconds.
Begin MonoManager ReloadAssembly
Native extension for WindowsStandalone target not found
Native extension for WebGL target not found
Refreshing native plugins compatible for Editor in 0.47 ms, found 0 plugins.
Preloading 0 native plugins for Editor in 0.00 ms.
Invoked RoslynAnalysisRunner static constructor.
RoslynAnalysisRunner will not be running.
RoslynAnalysisRunner has terminated.
Mono: successfully reloaded assembly
- Completed reload, in  1.804 seconds
Platform modules already initialized, skipping
Switching build target platform(5) subTarget(0) extendedPlatform(0) -> platform(13) subTarget(524288) extendedPlatform(0)
Refreshing native plugins compatible for Editor in 0.46 ms, found 0 plugins.
Preloading 0 native plugins for Editor in 0.00 ms.
Unloading 1479 Unused Serialized files (Serialized files now loaded: 0)
System memory in use before: 67.8 MB.
System memory in use after: 67.9 MB.

Unloading 7 unused Assets to reduce memory usage. Loaded Objects now: 1963.
Total: 2.710200 ms (FindLiveObjects: 0.222900 ms CreateObjectMapping: 0.068600 ms MarkObjects: 2.303800 ms  DeleteObjects: 0.113100 ms)

AssetImportParameters requested are different than current active one (requested -> active):
  custom:graphics/normal-map-encoding: 01000000000000000000000000000000 -> 02000000000000000000000000000000
========================================================================
Received Import Request.
  Time since last request: 4236.063911 seconds.
  path: Assets/Sound
  artifactKey: Guid(00314a37ebdbb514cb03795cb8ce23b6) Importer(815301076,1909f56bfc062723c751e8b465ee728b)
Start importing Assets/Sound using Guid(00314a37ebdbb514cb03795cb8ce23b6) Importer(815301076,1909f56bfc062723c751e8b465ee728b)  -> (artifact id: '0593a3dc7f48395fea4b0d2d8157384f') in 0.027761 seconds
  Import took 0.033047 seconds .

========================================================================
Received Import Request.
  Time since last request: 415.969464 seconds.
  path: Assets/Sound/CARTPOP.mp3
  artifactKey: Guid(9b7c43c341c561944b5a4e4e7f410456) Importer(815301076,1909f56bfc062723c751e8b465ee728b)
Start importing Assets/Sound/CARTPOP.mp3 using Guid(9b7c43c341c561944b5a4e4e7f410456) Importer(815301076,1909f56bfc062723c751e8b465ee728b)  -> (artifact id: '7a2b5858287b0e83531a4b9e62d9b07e') in 0.390836 seconds
  Import took 0.395803 seconds .

========================================================================
Received Prepare
Registering precompiled user dll's ...
Registered in 0.002316 seconds.
Begin MonoManager ReloadAssembly
Native extension for WindowsStandalone target not found
Native extension for WebGL target not found
Refreshing native plugins compatible for Editor in 0.47 ms, found 0 plugins.
Preloading 0 native plugins for Editor in 0.00 ms.
Invoked RoslynAnalysisRunner static constructor.
RoslynAnalysisRunner will not be running.
RoslynAnalysisRunner has terminated.
Mono: successfully reloaded assembly
- Completed reload, in  1.822 seconds
Platform modules already initialized, skipping
Switching build target platform(5) subTarget(0) extendedPlatform(0) -> platform(13) subTarget(524288) extendedPlatform(0)
Refreshing native plugins compatible for Editor in 0.53 ms, found 0 plugins.
Preloading 0 native plugins for Editor in 0.00 ms.
Unloading 1479 Unused Serialized files (Serialized files now loaded: 0)
System memory in use before: 70.9 MB.
System memory in use after: 71.0 MB.

Unloading 7 unused Assets to reduce memory usage. Loaded Objects now: 1975.
Total: 4.296700 ms (FindLiveObjects: 0.332500 ms CreateObjectMapping: 0.093500 ms MarkObjects: 3.660100 ms  DeleteObjects: 0.207500 ms)

AssetImportParameters requested are different than current active one (requested -> active):
  custom:graphics/normal-map-encoding: 01000000000000000000000000000000 -> 02000000000000000000000000000000
========================================================================
Received Import Request.
  Time since last request: 916.180391 seconds.
  path: Assets/Sound/ACCDENT (online-audio-converter.com).mp3
  artifactKey: Guid(cdaafd647e316f94e8f3ba28dfa3635c) Importer(815301076,1909f56bfc062723c751e8b465ee728b)
Start importing Assets/Sound/ACCDENT (online-audio-converter.com).mp3 using Guid(cdaafd647e316f94e8f3ba28dfa3635c) Importer(815301076,1909f56bfc062723c751e8b465ee728b)  -> (artifact id: 'de6cd798fa7b69d1fffa7647b7535636') in 0.123830 seconds
  Import took 0.130302 seconds .

========================================================================
Received Prepare
Registering precompiled user dll's ...
Registered in 0.001830 seconds.
Begin MonoManager ReloadAssembly
Native extension for WindowsStandalone target not found
Native extension for WebGL target not found
Refreshing native plugins compatible for Editor in 0.73 ms, found 0 plugins.
Preloading 0 native plugins for Editor in 0.00 ms.
Invoked RoslynAnalysisRunner static constructor.
RoslynAnalysisRunner will not be running.
RoslynAnalysisRunner has terminated.
Mono: successfully reloaded assembly
- Completed reload, in  3.250 seconds
Platform modules already initialized, skipping
Switching build target platform(5) subTarget(0) extendedPlatform(0) -> platform(13) subTarget(524288) extendedPlatform(0)
Refreshing native plugins compatible for Editor in 1.16 ms, found 0 plugins.
Preloading 0 native plugins for Editor in 0.00 ms.
Unloading 1479 Unused Serialized files (Serialized files now loaded: 0)
System memory in use before: 71.0 MB.
System memory in use after: 71.0 MB.

Unloading 7 unused Assets to reduce memory usage. Loaded Objects now: 1979.
Total: 6.874000 ms (FindLiveObjects: 0.209100 ms CreateObjectMapping: 0.075300 ms MarkObjects: 6.386800 ms  DeleteObjects: 0.199800 ms)

AssetImportParameters requested are different than current active one (requested -> active):
  custom:graphics/normal-map-encoding: 01000000000000000000000000000000 -> 02000000000000000000000000000000
========================================================================
Received Prepare
Registering precompiled user dll's ...
Registered in 0.001283 seconds.
Begin MonoManager ReloadAssembly
Native extension for WindowsStandalone target not found
Native extension for WebGL target not found
Refreshing native plugins compatible for Editor in 0.47 ms, found 0 plugins.
Preloading 0 native plugins for Editor in 0.00 ms.
Invoked RoslynAnalysisRunner static constructor.
RoslynAnalysisRunner will not be running.
RoslynAnalysisRunner has terminated.
Mono: successfully reloaded assembly
- Completed reload, in  1.726 seconds
Platform modules already initialized, skipping
Switching build target platform(5) subTarget(0) extendedPlatform(0) -> platform(13) subTarget(524288) extendedPlatform(0)
Refreshing native plugins compatible for Editor in 0.64 ms, found 0 plugins.
Preloading 0 native plugins for Editor in 0.00 ms.
Unloading 1479 Unused Serialized files (Serialized files now loaded: 0)
System memory in use before: 71.0 MB.
System memory in use after: 71.0 MB.

Unloading 7 unused Assets to reduce memory usage. Loaded Objects now: 1982.
Total: 2.807100 ms (FindLiveObjects: 0.211900 ms CreateObjectMapping: 0.072300 ms MarkObjects: 2.312800 ms  DeleteObjects: 0.208000 ms)

AssetImportParameters requested are different than current active one (requested -> active):
  custom:graphics/normal-map-encoding: 01000000000000000000000000000000 -> 02000000000000000000000000000000
========================================================================
Received Prepare
Registering precompiled user dll's ...
Registered in 0.001660 seconds.
Begin MonoManager ReloadAssembly
Native extension for WindowsStandalone target not found
Native extension for WebGL target not found
Refreshing native plugins compatible for Editor in 0.51 ms, found 0 plugins.
Preloading 0 native plugins for Editor in 0.00 ms.
Invoked RoslynAnalysisRunner static constructor.
RoslynAnalysisRunner will not be running.
RoslynAnalysisRunner has terminated.
Mono: successfully reloaded assembly
- Completed reload, in  3.436 seconds
Platform modules already initialized, skipping
Switching build target platform(5) subTarget(0) extendedPlatform(0) -> platform(13) subTarget(524288) extendedPlatform(0)
Refreshing native plugins compatible for Editor in 1.42 ms, found 0 plugins.
Preloading 0 native plugins for Editor in 0.00 ms.
Unloading 1479 Unused Serialized files (Serialized files now loaded: 0)
System memory in use before: 71.0 MB.
System memory in use after: 71.0 MB.

Unloading 7 unused Assets to reduce memory usage. Loaded Objects now: 1985.
Total: 6.104100 ms (FindLiveObjects: 0.947700 ms CreateObjectMapping: 0.256700 ms MarkObjects: 4.673100 ms  DeleteObjects: 0.215600 ms)

AssetImportParameters requested are different than current active one (requested -> active):
  custom:graphics/normal-map-encoding: 01000000000000000000000000000000 -> 02000000000000000000000000000000
========================================================================
Received Prepare
Registering precompiled user dll's ...
Registered in 0.001180 seconds.
Begin MonoManager ReloadAssembly
Native extension for WindowsStandalone target not found
Native extension for WebGL target not found
Refreshing native plugins compatible for Editor in 0.54 ms, found 0 plugins.
Preloading 0 native plugins for Editor in 0.00 ms.
Invoked RoslynAnalysisRunner static constructor.
RoslynAnalysisRunner will not be running.
RoslynAnalysisRunner has terminated.
Mono: successfully reloaded assembly
- Completed reload, in  1.839 seconds
Platform modules already initialized, skipping
Switching build target platform(5) subTarget(0) extendedPlatform(0) -> platform(13) subTarget(524288) extendedPlatform(0)
Refreshing native plugins compatible for Editor in 0.69 ms, found 0 plugins.
Preloading 0 native plugins for Editor in 0.00 ms.
Unloading 1479 Unused Serialized files (Serialized files now loaded: 0)
System memory in use before: 71.0 MB.
System memory in use after: 71.0 MB.

Unloading 7 unused Assets to reduce memory usage. Loaded Objects now: 1988.
Total: 4.131100 ms (FindLiveObjects: 0.217400 ms CreateObjectMapping: 0.099700 ms MarkObjects: 3.695100 ms  DeleteObjects: 0.116500 ms)

AssetImportParameters requested are different than current active one (requested -> active):
  custom:graphics/normal-map-encoding: 01000000000000000000000000000000 -> 02000000000000000000000000000000
========================================================================
Received Prepare
Registering precompiled user dll's ...
Registered in 0.001329 seconds.
Begin MonoManager ReloadAssembly
Native extension for WindowsStandalone target not found
Native extension for WebGL target not found
Refreshing native plugins compatible for Editor in 0.76 ms, found 0 plugins.
Preloading 0 native plugins for Editor in 0.00 ms.
Invoked RoslynAnalysisRunner static constructor.
RoslynAnalysisRunner will not be running.
RoslynAnalysisRunner has terminated.
Mono: successfully reloaded assembly
- Completed reload, in  2.405 seconds
Platform modules already initialized, skipping
Switching build target platform(5) subTarget(0) extendedPlatform(0) -> platform(13) subTarget(524288) extendedPlatform(0)
Refreshing native plugins compatible for Editor in 0.49 ms, found 0 plugins.
Preloading 0 native plugins for Editor in 0.00 ms.
Unloading 1479 Unused Serialized files (Serialized files now loaded: 0)
System memory in use before: 71.0 MB.
System memory in use after: 71.0 MB.

Unloading 7 unused Assets to reduce memory usage. Loaded Objects now: 1991.
Total: 2.590300 ms (FindLiveObjects: 0.208100 ms CreateObjectMapping: 0.071400 ms MarkObjects: 2.191300 ms  DeleteObjects: 0.117200 ms)

AssetImportParameters requested are different than current active one (requested -> active):
  custom:graphics/normal-map-encoding: 01000000000000000000000000000000 -> 02000000000000000000000000000000
========================================================================
Received Prepare
Registering precompiled user dll's ...
Registered in 0.001335 seconds.
Begin MonoManager ReloadAssembly
Native extension for WindowsStandalone target not found
Native extension for WebGL target not found
Refreshing native plugins compatible for Editor in 0.54 ms, found 0 plugins.
Preloading 0 native plugins for Editor in 0.00 ms.
Invoked RoslynAnalysisRunner static constructor.
RoslynAnalysisRunner will not be running.
RoslynAnalysisRunner has terminated.
Mono: successfully reloaded assembly
- Completed reload, in  1.820 seconds
Platform modules already initialized, skipping
Switching build target platform(5) subTarget(0) extendedPlatform(0) -> platform(13) subTarget(524288) extendedPlatform(0)
Refreshing native plugins compatible for Editor in 0.50 ms, found 0 plugins.
Preloading 0 native plugins for Editor in 0.00 ms.
Unloading 1479 Unused Serialized files (Serialized files now loaded: 0)
System memory in use before: 71.0 MB.
System memory in use after: 71.1 MB.

Unloading 7 unused Assets to reduce memory usage. Loaded Objects now: 1994.
Total: 2.804500 ms (FindLiveObjects: 0.217700 ms CreateObjectMapping: 0.067800 ms MarkObjects: 2.397100 ms  DeleteObjects: 0.119700 ms)

AssetImportParameters requested are different than current active one (requested -> active):
  custom:graphics/normal-map-encoding: 01000000000000000000000000000000 -> 02000000000000000000000000000000
========================================================================
Received Prepare
Registering precompiled user dll's ...
Registered in 0.001616 seconds.
Begin MonoManager ReloadAssembly
Native extension for WindowsStandalone target not found
Native extension for WebGL target not found
Refreshing native plugins compatible for Editor in 0.51 ms, found 0 plugins.
Preloading 0 native plugins for Editor in 0.00 ms.
Invoked RoslynAnalysisRunner static constructor.
RoslynAnalysisRunner will not be running.
RoslynAnalysisRunner has terminated.
Mono: successfully reloaded assembly
- Completed reload, in  2.809 seconds
Platform modules already initialized, skipping
Switching build target platform(5) subTarget(0) extendedPlatform(0) -> platform(13) subTarget(524288) extendedPlatform(0)
Refreshing native plugins compatible for Editor in 0.48 ms, found 0 plugins.
Preloading 0 native plugins for Editor in 0.00 ms.
Unloading 1479 Unused Serialized files (Serialized files now loaded: 0)
System memory in use before: 71.0 MB.
System memory in use after: 71.1 MB.

Unloading 7 unused Assets to reduce memory usage. Loaded Objects now: 1997.
Total: 3.625100 ms (FindLiveObjects: 0.227900 ms CreateObjectMapping: 0.073800 ms MarkObjects: 3.179200 ms  DeleteObjects: 0.142300 ms)

AssetImportParameters requested are different than current active one (requested -> active):
  custom:graphics/normal-map-encoding: 01000000000000000000000000000000 -> 02000000000000000000000000000000
========================================================================
Received Prepare
Refreshing native plugins compatible for Editor in 1.44 ms, found 0 plugins.
Preloading 0 native plugins for Editor in 0.00 ms.
Unloading 4 Unused Serialized files (Serialized files now loaded: 0)
System memory in use before: 41.6 MB.
System memory in use after: 41.7 MB.

Unloading 4 unused Assets to reduce memory usage. Loaded Objects now: 1997.
Total: 2.776100 ms (FindLiveObjects: 0.230500 ms CreateObjectMapping: 0.073500 ms MarkObjects: 2.350800 ms  DeleteObjects: 0.118700 ms)

AssetImportWorkerClient::OnTransportError - code=2 error=End of file
